<component name="libraryTable">
  <library name="junit-4.5">
    <CLASSES>
      <root url="jar://$PROJECT_DIR$/../webserg-common/lib/junit-4.12.jar!/" />
    </CLASSES>
    <JAVADOC />
    <SOURCES />
  </library>
</component>